<?xml version="1.0" encoding="UTF-8"?>
<testng-results ignored="0" total="2" passed="2" failed="0" skipped="0">
  <reporter-output>
  </reporter-output>
  <suite started-at="2025-04-21T14:21:17 IST" name="Master Suite" finished-at="2025-04-21T14:21:26 IST" duration-ms="9039">
    <groups>
      <group name="Master">
        <method signature="TC001_AccountRegistrationtest.verify_account_registartion()[pri:0, instance:testCases.TC001_AccountRegistrationtest@e056f20]" name="verify_account_registartion" class="testCases.TC001_AccountRegistrationtest"/>
        <method signature="TC002_LoginTest.verify_login()[pri:0, instance:testCases.TC002_LoginTest@13e39c73]" name="verify_login" class="testCases.TC002_LoginTest"/>
      </group> <!-- Master -->
      <group name="Regression">
        <method signature="TC001_AccountRegistrationtest.verify_account_registartion()[pri:0, instance:testCases.TC001_AccountRegistrationtest@e056f20]" name="verify_account_registartion" class="testCases.TC001_AccountRegistrationtest"/>
      </group> <!-- Regression -->
      <group name="sanity">
        <method signature="TC002_LoginTest.verify_login()[pri:0, instance:testCases.TC002_LoginTest@13e39c73]" name="verify_login" class="testCases.TC002_LoginTest"/>
      </group> <!-- sanity -->
    </groups>
    <test started-at="2025-04-21T14:21:17 IST" name="Test" finished-at="2025-04-21T14:21:26 IST" duration-ms="9039">
      <class name="testCases.TC002_LoginTest">
        <test-method is-config="true" signature="setup(java.lang.String,java.lang.String)[pri:0, instance:testCases.TC002_LoginTest@13e39c73]" started-at="2025-04-21T14:21:23 IST" name="setup" finished-at="2025-04-21T14:21:25 IST" duration-ms="1622" status="PASS">
          <params>
            <param index="0">
              <value>
                <![CDATA[Windows]]>
              </value>
            </param>
            <param index="1">
              <value>
                <![CDATA[chrome]]>
              </value>
            </param>
          </params>
          <reporter-output>
          </reporter-output>
        </test-method> <!-- setup -->
        <test-method signature="verify_login()[pri:0, instance:testCases.TC002_LoginTest@13e39c73]" started-at="2025-04-21T14:21:25 IST" name="verify_login" finished-at="2025-04-21T14:21:26 IST" duration-ms="1178" status="PASS">
          <reporter-output>
          </reporter-output>
        </test-method> <!-- verify_login -->
        <test-method is-config="true" signature="tearDown()[pri:0, instance:testCases.TC002_LoginTest@13e39c73]" started-at="2025-04-21T14:21:26 IST" name="tearDown" finished-at="2025-04-21T14:21:26 IST" duration-ms="246" status="PASS">
          <reporter-output>
          </reporter-output>
        </test-method> <!-- tearDown -->
      </class> <!-- testCases.TC002_LoginTest -->
      <class name="testCases.TC001_AccountRegistrationtest">
        <test-method is-config="true" signature="setup(java.lang.String,java.lang.String)[pri:0, instance:testCases.TC001_AccountRegistrationtest@e056f20]" started-at="2025-04-21T14:21:17 IST" name="setup" finished-at="2025-04-21T14:21:20 IST" duration-ms="2705" status="PASS">
          <params>
            <param index="0">
              <value>
                <![CDATA[Windows]]>
              </value>
            </param>
            <param index="1">
              <value>
                <![CDATA[chrome]]>
              </value>
            </param>
          </params>
          <reporter-output>
          </reporter-output>
        </test-method> <!-- setup -->
        <test-method signature="verify_account_registartion()[pri:0, instance:testCases.TC001_AccountRegistrationtest@e056f20]" started-at="2025-04-21T14:21:20 IST" name="verify_account_registartion" finished-at="2025-04-21T14:21:23 IST" duration-ms="2727" status="PASS">
          <reporter-output>
          </reporter-output>
        </test-method> <!-- verify_account_registartion -->
        <test-method is-config="true" signature="tearDown()[pri:0, instance:testCases.TC001_AccountRegistrationtest@e056f20]" started-at="2025-04-21T14:21:23 IST" name="tearDown" finished-at="2025-04-21T14:21:23 IST" duration-ms="207" status="PASS">
          <reporter-output>
          </reporter-output>
        </test-method> <!-- tearDown -->
      </class> <!-- testCases.TC001_AccountRegistrationtest -->
    </test> <!-- Test -->
  </suite> <!-- Master Suite -->
</testng-results>
